<?xml version="1.0" encoding="UTF-8"?>
<testsuite xmlns:xsi="http://www.w3.org/2001/XMLSchema-instance" xsi:noNamespaceSchemaLocation="https://maven.apache.org/surefire/maven-surefire-plugin/xsd/surefire-test-report.xsd" name="cucumber.options.TestRunner" time="15.411" tests="4" errors="0" skipped="0" failures="0">
  <properties>
[...]
</properties>
  <testcase name="Verify if place being successfully added using AddPlaceAPI #1" classname="Validaying place API&apos;s" time="8.801"/>
  <testcase name="Verify if place being successfully added using AddPlaceAPI #2" classname="Validaying place API&apos;s" time="1.733"/>
  <testcase name="Verify if place being successfully added using AddPlaceAPI #3" classname="Validaying place API&apos;s" time="1.751"/>
  <testcase name="Delete Place request" classname="Validaying place API&apos;s" time="1.615"/>
</testsuite>